2020-10-28 16:29:12,737 DEBUG    root            Loaded Command Group: ['gcloud', 'components']
2020-10-28 16:29:12,741 DEBUG    root            Loaded Command Group: ['gcloud', 'components', 'update']
2020-10-28 16:29:12,744 DEBUG    root            Running [gcloud.components.update] with arguments: [--allow-no-backup: "True", --quiet: "True", COMPONENT-IDS:7: "['core', 'gcloud-deps', 'bq', 'gcloud', 'gsutil', 'anthoscli', 'kuberun']"]
2020-10-28 16:29:24,826 INFO     ___FILE_ONLY___ 

2020-10-28 16:29:24,827 INFO     ___FILE_ONLY___ 
Your current Cloud SDK version is: 316.0.0

2020-10-28 16:29:24,827 INFO     ___FILE_ONLY___ Installing components from version: 316.0.0

2020-10-28 16:29:24,827 INFO     ___FILE_ONLY___ 

2020-10-28 16:29:24,838 INFO     ___FILE_ONLY___ ┌─────────────────────────────────────────────────────────────────────────────┐
2020-10-28 16:29:24,839 INFO     ___FILE_ONLY___ 

2020-10-28 16:29:24,839 INFO     ___FILE_ONLY___ │                     These components will be installed.                     │
2020-10-28 16:29:24,839 INFO     ___FILE_ONLY___ 

2020-10-28 16:29:24,839 INFO     ___FILE_ONLY___ ├─────────────────────────────────────────────────────┬────────────┬──────────┤
2020-10-28 16:29:24,839 INFO     ___FILE_ONLY___ 

2020-10-28 16:29:24,839 INFO     ___FILE_ONLY___ │                         Name                        │  Version   │   Size   │
2020-10-28 16:29:24,839 INFO     ___FILE_ONLY___ 

2020-10-28 16:29:24,839 INFO     ___FILE_ONLY___ ├─────────────────────────────────────────────────────┼────────────┼──────────┤
2020-10-28 16:29:24,839 INFO     ___FILE_ONLY___ 

2020-10-28 16:29:24,839 INFO     ___FILE_ONLY___ │ 
2020-10-28 16:29:24,840 INFO     ___FILE_ONLY___ BigQuery Command Line Tool                         
2020-10-28 16:29:24,840 INFO     ___FILE_ONLY___  
2020-10-28 16:29:24,840 INFO     ___FILE_ONLY___ │ 
2020-10-28 16:29:24,840 INFO     ___FILE_ONLY___     2.0.62
2020-10-28 16:29:24,840 INFO     ___FILE_ONLY___  
2020-10-28 16:29:24,840 INFO     ___FILE_ONLY___ │ 
2020-10-28 16:29:24,840 INFO     ___FILE_ONLY___  < 1 MiB
2020-10-28 16:29:24,840 INFO     ___FILE_ONLY___  
2020-10-28 16:29:24,840 INFO     ___FILE_ONLY___ │
2020-10-28 16:29:24,840 INFO     ___FILE_ONLY___ 

2020-10-28 16:29:24,840 INFO     ___FILE_ONLY___ │ 
2020-10-28 16:29:24,840 INFO     ___FILE_ONLY___ BigQuery Command Line Tool (Platform Specific)     
2020-10-28 16:29:24,840 INFO     ___FILE_ONLY___  
2020-10-28 16:29:24,841 INFO     ___FILE_ONLY___ │ 
2020-10-28 16:29:24,841 INFO     ___FILE_ONLY___     2.0.58
2020-10-28 16:29:24,841 INFO     ___FILE_ONLY___  
2020-10-28 16:29:24,841 INFO     ___FILE_ONLY___ │ 
2020-10-28 16:29:24,841 INFO     ___FILE_ONLY___  < 1 MiB
2020-10-28 16:29:24,841 INFO     ___FILE_ONLY___  
2020-10-28 16:29:24,841 INFO     ___FILE_ONLY___ │
2020-10-28 16:29:24,841 INFO     ___FILE_ONLY___ 

2020-10-28 16:29:24,841 INFO     ___FILE_ONLY___ │ 
2020-10-28 16:29:24,841 INFO     ___FILE_ONLY___ Cloud SDK Core Libraries (Platform Specific)       
2020-10-28 16:29:24,841 INFO     ___FILE_ONLY___  
2020-10-28 16:29:24,841 INFO     ___FILE_ONLY___ │ 
2020-10-28 16:29:24,842 INFO     ___FILE_ONLY___ 2020.07.10
2020-10-28 16:29:24,842 INFO     ___FILE_ONLY___  
2020-10-28 16:29:24,842 INFO     ___FILE_ONLY___ │ 
2020-10-28 16:29:24,842 INFO     ___FILE_ONLY___  < 1 MiB
2020-10-28 16:29:24,842 INFO     ___FILE_ONLY___  
2020-10-28 16:29:24,842 INFO     ___FILE_ONLY___ │
2020-10-28 16:29:24,842 INFO     ___FILE_ONLY___ 

2020-10-28 16:29:24,842 INFO     ___FILE_ONLY___ │ 
2020-10-28 16:29:24,842 INFO     ___FILE_ONLY___ Cloud Storage Command Line Tool                    
2020-10-28 16:29:24,842 INFO     ___FILE_ONLY___  
2020-10-28 16:29:24,842 INFO     ___FILE_ONLY___ │ 
2020-10-28 16:29:24,842 INFO     ___FILE_ONLY___       4.54
2020-10-28 16:29:24,842 INFO     ___FILE_ONLY___  
2020-10-28 16:29:24,843 INFO     ___FILE_ONLY___ │ 
2020-10-28 16:29:24,843 INFO     ___FILE_ONLY___  3.5 MiB
2020-10-28 16:29:24,843 INFO     ___FILE_ONLY___  
2020-10-28 16:29:24,843 INFO     ___FILE_ONLY___ │
2020-10-28 16:29:24,843 INFO     ___FILE_ONLY___ 

2020-10-28 16:29:24,843 INFO     ___FILE_ONLY___ │ 
2020-10-28 16:29:24,843 INFO     ___FILE_ONLY___ Cloud Storage Command Line Tool (Platform Specific)
2020-10-28 16:29:24,843 INFO     ___FILE_ONLY___  
2020-10-28 16:29:24,843 INFO     ___FILE_ONLY___ │ 
2020-10-28 16:29:24,843 INFO     ___FILE_ONLY___       4.51
2020-10-28 16:29:24,843 INFO     ___FILE_ONLY___  
2020-10-28 16:29:24,843 INFO     ___FILE_ONLY___ │ 
2020-10-28 16:29:24,844 INFO     ___FILE_ONLY___  < 1 MiB
2020-10-28 16:29:24,844 INFO     ___FILE_ONLY___  
2020-10-28 16:29:24,844 INFO     ___FILE_ONLY___ │
2020-10-28 16:29:24,844 INFO     ___FILE_ONLY___ 

2020-10-28 16:29:24,844 INFO     ___FILE_ONLY___ │ 
2020-10-28 16:29:24,844 INFO     ___FILE_ONLY___ Default set of gcloud commands                     
2020-10-28 16:29:24,844 INFO     ___FILE_ONLY___  
2020-10-28 16:29:24,844 INFO     ___FILE_ONLY___ │ 
2020-10-28 16:29:24,844 INFO     ___FILE_ONLY___           
2020-10-28 16:29:24,844 INFO     ___FILE_ONLY___  
2020-10-28 16:29:24,844 INFO     ___FILE_ONLY___ │ 
2020-10-28 16:29:24,844 INFO     ___FILE_ONLY___         
2020-10-28 16:29:24,844 INFO     ___FILE_ONLY___  
2020-10-28 16:29:24,845 INFO     ___FILE_ONLY___ │
2020-10-28 16:29:24,845 INFO     ___FILE_ONLY___ 

2020-10-28 16:29:24,845 INFO     ___FILE_ONLY___ │ 
2020-10-28 16:29:24,845 INFO     ___FILE_ONLY___ Kuberun                                            
2020-10-28 16:29:24,845 INFO     ___FILE_ONLY___  
2020-10-28 16:29:24,845 INFO     ___FILE_ONLY___ │ 
2020-10-28 16:29:24,845 INFO     ___FILE_ONLY___      0.0.1
2020-10-28 16:29:24,845 INFO     ___FILE_ONLY___  
2020-10-28 16:29:24,845 INFO     ___FILE_ONLY___ │ 
2020-10-28 16:29:24,845 INFO     ___FILE_ONLY___ 22.4 MiB
2020-10-28 16:29:24,845 INFO     ___FILE_ONLY___  
2020-10-28 16:29:24,845 INFO     ___FILE_ONLY___ │
2020-10-28 16:29:24,846 INFO     ___FILE_ONLY___ 

2020-10-28 16:29:24,846 INFO     ___FILE_ONLY___ │ 
2020-10-28 16:29:24,846 INFO     ___FILE_ONLY___ Kuberun                                            
2020-10-28 16:29:24,846 INFO     ___FILE_ONLY___  
2020-10-28 16:29:24,846 INFO     ___FILE_ONLY___ │ 
2020-10-28 16:29:24,846 INFO     ___FILE_ONLY___      0.0.1
2020-10-28 16:29:24,846 INFO     ___FILE_ONLY___  
2020-10-28 16:29:24,846 INFO     ___FILE_ONLY___ │ 
2020-10-28 16:29:24,846 INFO     ___FILE_ONLY___         
2020-10-28 16:29:24,846 INFO     ___FILE_ONLY___  
2020-10-28 16:29:24,846 INFO     ___FILE_ONLY___ │
2020-10-28 16:29:24,846 INFO     ___FILE_ONLY___ 

2020-10-28 16:29:24,847 INFO     ___FILE_ONLY___ │ 
2020-10-28 16:29:24,847 INFO     ___FILE_ONLY___ anthoscli                                          
2020-10-28 16:29:24,847 INFO     ___FILE_ONLY___  
2020-10-28 16:29:24,847 INFO     ___FILE_ONLY___ │ 
2020-10-28 16:29:24,847 INFO     ___FILE_ONLY___      0.2.7
2020-10-28 16:29:24,847 INFO     ___FILE_ONLY___  
2020-10-28 16:29:24,847 INFO     ___FILE_ONLY___ │ 
2020-10-28 16:29:24,847 INFO     ___FILE_ONLY___         
2020-10-28 16:29:24,847 INFO     ___FILE_ONLY___  
2020-10-28 16:29:24,847 INFO     ___FILE_ONLY___ │
2020-10-28 16:29:24,847 INFO     ___FILE_ONLY___ 

2020-10-28 16:29:24,847 INFO     ___FILE_ONLY___ │ 
2020-10-28 16:29:24,847 INFO     ___FILE_ONLY___ anthoscli                                          
2020-10-28 16:29:24,848 INFO     ___FILE_ONLY___  
2020-10-28 16:29:24,848 INFO     ___FILE_ONLY___ │ 
2020-10-28 16:29:24,848 INFO     ___FILE_ONLY___      0.2.7
2020-10-28 16:29:24,848 INFO     ___FILE_ONLY___  
2020-10-28 16:29:24,848 INFO     ___FILE_ONLY___ │ 
2020-10-28 16:29:24,848 INFO     ___FILE_ONLY___ 51.7 MiB
2020-10-28 16:29:24,848 INFO     ___FILE_ONLY___  
2020-10-28 16:29:24,848 INFO     ___FILE_ONLY___ │
2020-10-28 16:29:24,848 INFO     ___FILE_ONLY___ 

2020-10-28 16:29:24,848 INFO     ___FILE_ONLY___ │ 
2020-10-28 16:29:24,848 INFO     ___FILE_ONLY___ gcloud cli dependencies                            
2020-10-28 16:29:24,848 INFO     ___FILE_ONLY___  
2020-10-28 16:29:24,849 INFO     ___FILE_ONLY___ │ 
2020-10-28 16:29:24,849 INFO     ___FILE_ONLY___ 2020.06.12
2020-10-28 16:29:24,849 INFO     ___FILE_ONLY___  
2020-10-28 16:29:24,849 INFO     ___FILE_ONLY___ │ 
2020-10-28 16:29:24,849 INFO     ___FILE_ONLY___  < 1 MiB
2020-10-28 16:29:24,849 INFO     ___FILE_ONLY___  
2020-10-28 16:29:24,849 INFO     ___FILE_ONLY___ │
2020-10-28 16:29:24,849 INFO     ___FILE_ONLY___ 

2020-10-28 16:29:24,849 INFO     ___FILE_ONLY___ └─────────────────────────────────────────────────────┴────────────┴──────────┘
2020-10-28 16:29:24,849 INFO     ___FILE_ONLY___ 

2020-10-28 16:29:24,849 INFO     ___FILE_ONLY___ 

2020-10-28 16:29:24,889 INFO     ___FILE_ONLY___ For the latest full release notes, please visit:
  https://cloud.google.com/sdk/release_notes


2020-10-28 16:29:24,894 INFO     ___FILE_ONLY___ ╔════════════════════════════════════════════════════════════╗

2020-10-28 16:29:24,894 INFO     ___FILE_ONLY___ ╠═ Creating update staging area                             ═╣

2020-10-28 16:29:24,895 INFO     ___FILE_ONLY___ ╚
2020-10-28 16:29:24,895 INFO     ___FILE_ONLY___ ══════
2020-10-28 16:29:24,895 INFO     ___FILE_ONLY___ ══════
2020-10-28 16:29:24,895 INFO     ___FILE_ONLY___ ══════
2020-10-28 16:29:25,117 INFO     ___FILE_ONLY___ ═
2020-10-28 16:29:25,156 INFO     ___FILE_ONLY___ ═
2020-10-28 16:29:25,189 INFO     ___FILE_ONLY___ ═
2020-10-28 16:29:25,227 INFO     ___FILE_ONLY___ ═
2020-10-28 16:29:25,267 INFO     ___FILE_ONLY___ ═
2020-10-28 16:29:25,303 INFO     ___FILE_ONLY___ ═
2020-10-28 16:29:25,329 INFO     ___FILE_ONLY___ ═
2020-10-28 16:29:25,384 INFO     ___FILE_ONLY___ ═
2020-10-28 16:29:25,428 INFO     ___FILE_ONLY___ ═
2020-10-28 16:29:25,481 INFO     ___FILE_ONLY___ ═
2020-10-28 16:29:25,520 INFO     ___FILE_ONLY___ ═
2020-10-28 16:29:25,564 INFO     ___FILE_ONLY___ ═
2020-10-28 16:29:25,616 INFO     ___FILE_ONLY___ ═
2020-10-28 16:29:25,654 INFO     ___FILE_ONLY___ ═
2020-10-28 16:29:25,704 INFO     ___FILE_ONLY___ ═
2020-10-28 16:29:25,782 INFO     ___FILE_ONLY___ ═
2020-10-28 16:29:25,818 INFO     ___FILE_ONLY___ ═
2020-10-28 16:29:25,859 INFO     ___FILE_ONLY___ ═
2020-10-28 16:29:25,900 INFO     ___FILE_ONLY___ ═
2020-10-28 16:29:25,936 INFO     ___FILE_ONLY___ ═
2020-10-28 16:29:25,977 INFO     ___FILE_ONLY___ ═
2020-10-28 16:29:26,014 INFO     ___FILE_ONLY___ ═
2020-10-28 16:29:26,054 INFO     ___FILE_ONLY___ ═
2020-10-28 16:29:26,092 INFO     ___FILE_ONLY___ ═
2020-10-28 16:29:26,142 INFO     ___FILE_ONLY___ ═
2020-10-28 16:29:26,195 INFO     ___FILE_ONLY___ ═
2020-10-28 16:29:26,236 INFO     ___FILE_ONLY___ ═
2020-10-28 16:29:26,377 INFO     ___FILE_ONLY___ ═
2020-10-28 16:29:26,432 INFO     ___FILE_ONLY___ ═
2020-10-28 16:29:26,538 INFO     ___FILE_ONLY___ ═
2020-10-28 16:29:26,622 INFO     ___FILE_ONLY___ ═
2020-10-28 16:29:26,647 INFO     ___FILE_ONLY___ ═
2020-10-28 16:29:26,667 INFO     ___FILE_ONLY___ ═
2020-10-28 16:29:26,687 INFO     ___FILE_ONLY___ ═
2020-10-28 16:29:26,709 INFO     ___FILE_ONLY___ ═
2020-10-28 16:29:26,739 INFO     ___FILE_ONLY___ ═
2020-10-28 16:29:26,763 INFO     ___FILE_ONLY___ ═
2020-10-28 16:29:26,783 INFO     ___FILE_ONLY___ ═
2020-10-28 16:29:26,802 INFO     ___FILE_ONLY___ ═
2020-10-28 16:29:26,827 INFO     ___FILE_ONLY___ ═
2020-10-28 16:29:26,880 INFO     ___FILE_ONLY___ ═
2020-10-28 16:29:26,932 INFO     ___FILE_ONLY___ ═
2020-10-28 16:29:26,932 INFO     ___FILE_ONLY___ ╝

2020-10-28 16:29:26,992 INFO     ___FILE_ONLY___ ╔════════════════════════════════════════════════════════════╗

2020-10-28 16:29:26,993 INFO     ___FILE_ONLY___ ╠═ Installing: BigQuery Command Line Tool                   ═╣

2020-10-28 16:29:26,993 INFO     ___FILE_ONLY___ ╚
2020-10-28 16:29:27,106 INFO     ___FILE_ONLY___ ═
2020-10-28 16:29:27,118 INFO     ___FILE_ONLY___ ═
2020-10-28 16:29:27,124 INFO     ___FILE_ONLY___ ═
2020-10-28 16:29:27,129 INFO     ___FILE_ONLY___ ═
2020-10-28 16:29:27,133 INFO     ___FILE_ONLY___ ═
2020-10-28 16:29:27,136 INFO     ___FILE_ONLY___ ═
2020-10-28 16:29:27,140 INFO     ___FILE_ONLY___ ═
2020-10-28 16:29:27,142 INFO     ___FILE_ONLY___ ═
2020-10-28 16:29:27,144 INFO     ___FILE_ONLY___ ═
2020-10-28 16:29:27,145 INFO     ___FILE_ONLY___ ═
2020-10-28 16:29:27,147 INFO     ___FILE_ONLY___ ═
2020-10-28 16:29:27,148 INFO     ___FILE_ONLY___ ═
2020-10-28 16:29:27,149 INFO     ___FILE_ONLY___ ═
2020-10-28 16:29:27,150 INFO     ___FILE_ONLY___ ═
2020-10-28 16:29:27,152 INFO     ___FILE_ONLY___ ═
2020-10-28 16:29:27,153 INFO     ___FILE_ONLY___ ═
2020-10-28 16:29:27,155 INFO     ___FILE_ONLY___ ═
2020-10-28 16:29:27,155 INFO     ___FILE_ONLY___ ═
2020-10-28 16:29:27,157 INFO     ___FILE_ONLY___ ═
2020-10-28 16:29:27,157 INFO     ___FILE_ONLY___ ═
2020-10-28 16:29:27,159 INFO     ___FILE_ONLY___ ═
2020-10-28 16:29:27,159 INFO     ___FILE_ONLY___ ═
2020-10-28 16:29:27,160 INFO     ___FILE_ONLY___ ═
2020-10-28 16:29:27,160 INFO     ___FILE_ONLY___ ═
2020-10-28 16:29:27,161 INFO     ___FILE_ONLY___ ═
2020-10-28 16:29:27,162 INFO     ___FILE_ONLY___ ═
2020-10-28 16:29:27,163 INFO     ___FILE_ONLY___ ═
2020-10-28 16:29:27,163 INFO     ___FILE_ONLY___ ═
2020-10-28 16:29:27,164 INFO     ___FILE_ONLY___ ═
2020-10-28 16:29:27,166 INFO     ___FILE_ONLY___ ═
2020-10-28 16:29:27,220 INFO     ___FILE_ONLY___ ═
2020-10-28 16:29:27,227 INFO     ___FILE_ONLY___ ═
2020-10-28 16:29:27,230 INFO     ___FILE_ONLY___ ═
2020-10-28 16:29:27,233 INFO     ___FILE_ONLY___ ═
2020-10-28 16:29:27,235 INFO     ___FILE_ONLY___ ═
2020-10-28 16:29:27,238 INFO     ___FILE_ONLY___ ═
2020-10-28 16:29:27,241 INFO     ___FILE_ONLY___ ═
2020-10-28 16:29:27,244 INFO     ___FILE_ONLY___ ═
2020-10-28 16:29:27,246 INFO     ___FILE_ONLY___ ═
2020-10-28 16:29:27,249 INFO     ___FILE_ONLY___ ═
2020-10-28 16:29:27,256 INFO     ___FILE_ONLY___ ═
2020-10-28 16:29:27,258 INFO     ___FILE_ONLY___ ═
2020-10-28 16:29:27,261 INFO     ___FILE_ONLY___ ═
2020-10-28 16:29:27,264 INFO     ___FILE_ONLY___ ═
2020-10-28 16:29:27,266 INFO     ___FILE_ONLY___ ═
2020-10-28 16:29:27,268 INFO     ___FILE_ONLY___ ═
2020-10-28 16:29:27,270 INFO     ___FILE_ONLY___ ═
2020-10-28 16:29:27,273 INFO     ___FILE_ONLY___ ═
2020-10-28 16:29:27,275 INFO     ___FILE_ONLY___ ═
2020-10-28 16:29:27,277 INFO     ___FILE_ONLY___ ═
2020-10-28 16:29:27,280 INFO     ___FILE_ONLY___ ═
2020-10-28 16:29:27,282 INFO     ___FILE_ONLY___ ═
2020-10-28 16:29:27,284 INFO     ___FILE_ONLY___ ═
2020-10-28 16:29:27,286 INFO     ___FILE_ONLY___ ═
2020-10-28 16:29:27,289 INFO     ___FILE_ONLY___ ═
2020-10-28 16:29:27,291 INFO     ___FILE_ONLY___ ═
2020-10-28 16:29:27,293 INFO     ___FILE_ONLY___ ═
2020-10-28 16:29:27,296 INFO     ___FILE_ONLY___ ═
2020-10-28 16:29:27,298 INFO     ___FILE_ONLY___ ═
2020-10-28 16:29:27,301 INFO     ___FILE_ONLY___ ═
2020-10-28 16:29:27,301 INFO     ___FILE_ONLY___ ╝

2020-10-28 16:29:27,316 INFO     ___FILE_ONLY___ ╔════════════════════════════════════════════════════════════╗

2020-10-28 16:29:27,316 INFO     ___FILE_ONLY___ ╠═ Installing: BigQuery Command Line Tool (Platform Spec... ═╣

2020-10-28 16:29:27,317 INFO     ___FILE_ONLY___ ╚
2020-10-28 16:29:27,409 INFO     ___FILE_ONLY___ ══════════════════════════════
2020-10-28 16:29:27,410 INFO     ___FILE_ONLY___ ══════════════════════════════
2020-10-28 16:29:27,410 INFO     ___FILE_ONLY___ ╝

2020-10-28 16:29:27,420 INFO     ___FILE_ONLY___ ╔════════════════════════════════════════════════════════════╗

2020-10-28 16:29:27,420 INFO     ___FILE_ONLY___ ╠═ Installing: Cloud SDK Core Libraries (Platform Specific) ═╣

2020-10-28 16:29:27,420 INFO     ___FILE_ONLY___ ╚
2020-10-28 16:29:27,454 INFO     ___FILE_ONLY___ ══════════════════════════════
2020-10-28 16:29:27,455 INFO     ___FILE_ONLY___ ═══════════════
2020-10-28 16:29:27,455 INFO     ___FILE_ONLY___ ═══════════════
2020-10-28 16:29:27,455 INFO     ___FILE_ONLY___ ╝

2020-10-28 16:29:27,465 INFO     ___FILE_ONLY___ ╔════════════════════════════════════════════════════════════╗

2020-10-28 16:29:27,465 INFO     ___FILE_ONLY___ ╠═ Installing: Cloud Storage Command Line Tool              ═╣

2020-10-28 16:29:27,465 INFO     ___FILE_ONLY___ ╚
2020-10-28 16:29:27,617 INFO     ___FILE_ONLY___ ═
2020-10-28 16:29:27,631 INFO     ___FILE_ONLY___ ═
2020-10-28 16:29:27,638 INFO     ___FILE_ONLY___ ═
2020-10-28 16:29:27,642 INFO     ___FILE_ONLY___ ═
2020-10-28 16:29:27,646 INFO     ___FILE_ONLY___ ═
2020-10-28 16:29:27,650 INFO     ___FILE_ONLY___ ═
2020-10-28 16:29:27,652 INFO     ___FILE_ONLY___ ═
2020-10-28 16:29:27,654 INFO     ___FILE_ONLY___ ═
2020-10-28 16:29:27,656 INFO     ___FILE_ONLY___ ═
2020-10-28 16:29:27,658 INFO     ___FILE_ONLY___ ═
2020-10-28 16:29:27,659 INFO     ___FILE_ONLY___ ═
2020-10-28 16:29:27,661 INFO     ___FILE_ONLY___ ═
2020-10-28 16:29:27,662 INFO     ___FILE_ONLY___ ═
2020-10-28 16:29:27,664 INFO     ___FILE_ONLY___ ═
2020-10-28 16:29:27,665 INFO     ___FILE_ONLY___ ═
2020-10-28 16:29:27,666 INFO     ___FILE_ONLY___ ═
2020-10-28 16:29:27,667 INFO     ___FILE_ONLY___ ═
2020-10-28 16:29:27,679 INFO     ___FILE_ONLY___ ═
2020-10-28 16:29:27,690 INFO     ___FILE_ONLY___ ═
2020-10-28 16:29:27,696 INFO     ___FILE_ONLY___ ═
2020-10-28 16:29:27,703 INFO     ___FILE_ONLY___ ═
2020-10-28 16:29:27,705 INFO     ___FILE_ONLY___ ═
2020-10-28 16:29:27,708 INFO     ___FILE_ONLY___ ═
2020-10-28 16:29:27,711 INFO     ___FILE_ONLY___ ═
2020-10-28 16:29:27,713 INFO     ___FILE_ONLY___ ═
2020-10-28 16:29:27,715 INFO     ___FILE_ONLY___ ═
2020-10-28 16:29:27,717 INFO     ___FILE_ONLY___ ═
2020-10-28 16:29:27,718 INFO     ___FILE_ONLY___ ═
2020-10-28 16:29:27,720 INFO     ___FILE_ONLY___ ═
2020-10-28 16:29:27,722 INFO     ___FILE_ONLY___ ═
2020-10-28 16:29:28,004 INFO     ___FILE_ONLY___ ═
2020-10-28 16:29:28,026 INFO     ___FILE_ONLY___ ═
2020-10-28 16:29:28,039 INFO     ___FILE_ONLY___ ═
2020-10-28 16:29:28,057 INFO     ___FILE_ONLY___ ═
2020-10-28 16:29:28,071 INFO     ___FILE_ONLY___ ═
2020-10-28 16:29:28,086 INFO     ___FILE_ONLY___ ═
2020-10-28 16:29:28,098 INFO     ___FILE_ONLY___ ═
2020-10-28 16:29:28,111 INFO     ___FILE_ONLY___ ═
2020-10-28 16:29:28,122 INFO     ___FILE_ONLY___ ═
2020-10-28 16:29:28,136 INFO     ___FILE_ONLY___ ═
2020-10-28 16:29:28,149 INFO     ___FILE_ONLY___ ═
2020-10-28 16:29:28,164 INFO     ___FILE_ONLY___ ═
2020-10-28 16:29:28,184 INFO     ___FILE_ONLY___ ═
2020-10-28 16:29:28,207 INFO     ___FILE_ONLY___ ═
2020-10-28 16:29:28,222 INFO     ___FILE_ONLY___ ═
2020-10-28 16:29:28,241 INFO     ___FILE_ONLY___ ═
2020-10-28 16:29:28,257 INFO     ___FILE_ONLY___ ═
2020-10-28 16:29:28,275 INFO     ___FILE_ONLY___ ═
2020-10-28 16:29:28,294 INFO     ___FILE_ONLY___ ═
2020-10-28 16:29:28,310 INFO     ___FILE_ONLY___ ═
2020-10-28 16:29:28,323 INFO     ___FILE_ONLY___ ═
2020-10-28 16:29:28,336 INFO     ___FILE_ONLY___ ═
2020-10-28 16:29:28,349 INFO     ___FILE_ONLY___ ═
2020-10-28 16:29:28,363 INFO     ___FILE_ONLY___ ═
2020-10-28 16:29:28,374 INFO     ___FILE_ONLY___ ═
2020-10-28 16:29:28,387 INFO     ___FILE_ONLY___ ═
2020-10-28 16:29:28,398 INFO     ___FILE_ONLY___ ═
2020-10-28 16:29:28,410 INFO     ___FILE_ONLY___ ═
2020-10-28 16:29:28,431 INFO     ___FILE_ONLY___ ═
2020-10-28 16:29:28,449 INFO     ___FILE_ONLY___ ═
2020-10-28 16:29:28,449 INFO     ___FILE_ONLY___ ╝

2020-10-28 16:29:28,507 INFO     ___FILE_ONLY___ ╔════════════════════════════════════════════════════════════╗

2020-10-28 16:29:28,507 INFO     ___FILE_ONLY___ ╠═ Installing: Cloud Storage Command Line Tool (Platform... ═╣

2020-10-28 16:29:28,507 INFO     ___FILE_ONLY___ ╚
2020-10-28 16:29:28,600 INFO     ___FILE_ONLY___ ══════════════════════════════
2020-10-28 16:29:28,601 INFO     ___FILE_ONLY___ ══════════════════════════════
2020-10-28 16:29:28,601 INFO     ___FILE_ONLY___ ╝

2020-10-28 16:29:28,611 INFO     ___FILE_ONLY___ ╔════════════════════════════════════════════════════════════╗

2020-10-28 16:29:28,611 INFO     ___FILE_ONLY___ ╠═ Installing: Default set of gcloud commands               ═╣

2020-10-28 16:29:28,611 INFO     ___FILE_ONLY___ ╚
2020-10-28 16:29:28,616 INFO     ___FILE_ONLY___ ════════════════════════════════════════════════════════════
2020-10-28 16:29:28,617 INFO     ___FILE_ONLY___ ╝

2020-10-28 16:29:28,620 INFO     ___FILE_ONLY___ ╔════════════════════════════════════════════════════════════╗

2020-10-28 16:29:28,621 INFO     ___FILE_ONLY___ ╠═ Installing: Kuberun                                      ═╣

2020-10-28 16:29:28,621 INFO     ___FILE_ONLY___ ╚
2020-10-28 16:29:28,805 INFO     ___FILE_ONLY___ ═
2020-10-28 16:29:28,816 INFO     ___FILE_ONLY___ ═
2020-10-28 16:29:28,849 INFO     ___FILE_ONLY___ ═
2020-10-28 16:29:28,873 INFO     ___FILE_ONLY___ ═
2020-10-28 16:29:28,883 INFO     ___FILE_ONLY___ ═
2020-10-28 16:29:28,887 INFO     ___FILE_ONLY___ ═
2020-10-28 16:29:28,890 INFO     ___FILE_ONLY___ ═
2020-10-28 16:29:28,893 INFO     ___FILE_ONLY___ ═
2020-10-28 16:29:28,923 INFO     ___FILE_ONLY___ ═
2020-10-28 16:29:28,934 INFO     ___FILE_ONLY___ ═
2020-10-28 16:29:28,963 INFO     ___FILE_ONLY___ ═
2020-10-28 16:29:28,988 INFO     ___FILE_ONLY___ ═
2020-10-28 16:29:28,999 INFO     ___FILE_ONLY___ ═
2020-10-28 16:29:29,040 INFO     ___FILE_ONLY___ ═
2020-10-28 16:29:29,056 INFO     ___FILE_ONLY___ ═
2020-10-28 16:29:29,064 INFO     ___FILE_ONLY___ ═
2020-10-28 16:29:29,067 INFO     ___FILE_ONLY___ ═
2020-10-28 16:29:29,070 INFO     ___FILE_ONLY___ ═
2020-10-28 16:29:29,078 INFO     ___FILE_ONLY___ ═
2020-10-28 16:29:29,104 INFO     ___FILE_ONLY___ ═
2020-10-28 16:29:29,114 INFO     ___FILE_ONLY___ ═
2020-10-28 16:29:29,159 INFO     ___FILE_ONLY___ ═
2020-10-28 16:29:29,176 INFO     ___FILE_ONLY___ ═
2020-10-28 16:29:29,184 INFO     ___FILE_ONLY___ ═
2020-10-28 16:29:29,221 INFO     ___FILE_ONLY___ ═
2020-10-28 16:29:29,234 INFO     ___FILE_ONLY___ ═
2020-10-28 16:29:29,240 INFO     ___FILE_ONLY___ ═
2020-10-28 16:29:29,243 INFO     ___FILE_ONLY___ ═
2020-10-28 16:29:29,249 INFO     ___FILE_ONLY___ ═
2020-10-28 16:29:29,271 INFO     ___FILE_ONLY___ ═
2020-10-28 16:29:30,150 INFO     ___FILE_ONLY___ ══════════════════════════════
2020-10-28 16:29:30,150 INFO     ___FILE_ONLY___ ╝

2020-10-28 16:29:30,164 INFO     ___FILE_ONLY___ ╔════════════════════════════════════════════════════════════╗

2020-10-28 16:29:30,165 INFO     ___FILE_ONLY___ ╠═ Installing: Kuberun                                      ═╣

2020-10-28 16:29:30,165 INFO     ___FILE_ONLY___ ╚
2020-10-28 16:29:30,170 INFO     ___FILE_ONLY___ ════════════════════════════════════════════════════════════
2020-10-28 16:29:30,170 INFO     ___FILE_ONLY___ ╝

2020-10-28 16:29:30,174 INFO     ___FILE_ONLY___ ╔════════════════════════════════════════════════════════════╗

2020-10-28 16:29:30,174 INFO     ___FILE_ONLY___ ╠═ Installing: anthoscli                                    ═╣

2020-10-28 16:29:30,174 INFO     ___FILE_ONLY___ ╚
2020-10-28 16:29:30,180 INFO     ___FILE_ONLY___ ════════════════════════════════════════════════════════════
2020-10-28 16:29:30,180 INFO     ___FILE_ONLY___ ╝

2020-10-28 16:29:30,183 INFO     ___FILE_ONLY___ ╔════════════════════════════════════════════════════════════╗

2020-10-28 16:29:30,184 INFO     ___FILE_ONLY___ ╠═ Installing: anthoscli                                    ═╣

2020-10-28 16:29:30,184 INFO     ___FILE_ONLY___ ╚
2020-10-28 16:29:30,366 INFO     ___FILE_ONLY___ ═
2020-10-28 16:29:30,377 INFO     ___FILE_ONLY___ ═
2020-10-28 16:29:30,386 INFO     ___FILE_ONLY___ ═
2020-10-28 16:29:30,395 INFO     ___FILE_ONLY___ ═
2020-10-28 16:29:30,401 INFO     ___FILE_ONLY___ ═
2020-10-28 16:29:30,413 INFO     ___FILE_ONLY___ ═
2020-10-28 16:29:30,420 INFO     ___FILE_ONLY___ ═
2020-10-28 16:29:30,428 INFO     ___FILE_ONLY___ ═
2020-10-28 16:29:30,438 INFO     ___FILE_ONLY___ ═
2020-10-28 16:29:30,445 INFO     ___FILE_ONLY___ ═
2020-10-28 16:29:30,456 INFO     ___FILE_ONLY___ ═
2020-10-28 16:29:30,467 INFO     ___FILE_ONLY___ ═
2020-10-28 16:29:30,476 INFO     ___FILE_ONLY___ ═
2020-10-28 16:29:30,484 INFO     ___FILE_ONLY___ ═
2020-10-28 16:29:30,494 INFO     ___FILE_ONLY___ ═
2020-10-28 16:29:30,501 INFO     ___FILE_ONLY___ ═
2020-10-28 16:29:30,510 INFO     ___FILE_ONLY___ ═
2020-10-28 16:29:30,537 INFO     ___FILE_ONLY___ ═
2020-10-28 16:29:30,544 INFO     ___FILE_ONLY___ ═
2020-10-28 16:29:30,552 INFO     ___FILE_ONLY___ ═
2020-10-28 16:29:30,562 INFO     ___FILE_ONLY___ ═
2020-10-28 16:29:30,569 INFO     ___FILE_ONLY___ ═
2020-10-28 16:29:30,581 INFO     ___FILE_ONLY___ ═
2020-10-28 16:29:30,588 INFO     ___FILE_ONLY___ ═
2020-10-28 16:29:30,596 INFO     ___FILE_ONLY___ ═
2020-10-28 16:29:30,606 INFO     ___FILE_ONLY___ ═
2020-10-28 16:29:30,613 INFO     ___FILE_ONLY___ ═
2020-10-28 16:29:30,622 INFO     ___FILE_ONLY___ ═
2020-10-28 16:29:30,631 INFO     ___FILE_ONLY___ ═
2020-10-28 16:29:30,643 INFO     ___FILE_ONLY___ ═
2020-10-28 16:29:32,618 INFO     ___FILE_ONLY___ ══════════
2020-10-28 16:29:32,622 INFO     ___FILE_ONLY___ ═════════
2020-10-28 16:29:32,645 INFO     ___FILE_ONLY___ ═══════════
2020-10-28 16:29:32,645 INFO     ___FILE_ONLY___ ╝

2020-10-28 16:29:32,664 INFO     ___FILE_ONLY___ ╔════════════════════════════════════════════════════════════╗

2020-10-28 16:29:32,664 INFO     ___FILE_ONLY___ ╠═ Installing: gcloud cli dependencies                      ═╣

2020-10-28 16:29:32,664 INFO     ___FILE_ONLY___ ╚
2020-10-28 16:29:32,757 INFO     ___FILE_ONLY___ ══════════════════════════════
2020-10-28 16:29:32,759 INFO     ___FILE_ONLY___ ══════
2020-10-28 16:29:32,759 INFO     ___FILE_ONLY___ ══════
2020-10-28 16:29:32,759 INFO     ___FILE_ONLY___ ══════
2020-10-28 16:29:32,760 INFO     ___FILE_ONLY___ ══════
2020-10-28 16:29:32,760 INFO     ___FILE_ONLY___ ══════
2020-10-28 16:29:32,760 INFO     ___FILE_ONLY___ ╝

2020-10-28 16:29:32,770 INFO     ___FILE_ONLY___ ╔════════════════════════════════════════════════════════════╗

2020-10-28 16:29:32,770 INFO     ___FILE_ONLY___ ╠═ Creating backup and activating new installation          ═╣

2020-10-28 16:29:32,771 INFO     ___FILE_ONLY___ ╚
2020-10-28 16:29:32,771 DEBUG    root            Attempting to move directory [/tools/google-cloud-sdk] to [/tools/google-cloud-sdk.staging/.install/.backup]
2020-10-28 16:29:32,771 INFO     ___FILE_ONLY___ ══════════════════════════════
2020-10-28 16:29:32,771 DEBUG    root            Attempting to move directory [/tools/google-cloud-sdk.staging] to [/tools/google-cloud-sdk]
2020-10-28 16:29:32,771 INFO     ___FILE_ONLY___ ══════════════════════════════
2020-10-28 16:29:32,772 INFO     ___FILE_ONLY___ ╝

2020-10-28 16:29:32,776 DEBUG    root            Updating notification cache...
2020-10-28 16:29:32,777 INFO     ___FILE_ONLY___ 

2020-10-28 16:29:32,781 INFO     ___FILE_ONLY___ Performing post processing steps...
2020-10-28 16:29:32,782 DEBUG    root            Executing command: ['python3', '-S', '/tools/google-cloud-sdk/lib/gcloud.py', 'components', 'post-process']
2020-10-28 16:29:47,182 DEBUG    ___FILE_ONLY___ 
2020-10-28 16:29:47,183 DEBUG    ___FILE_ONLY___ 
2020-10-28 16:29:47,303 INFO     ___FILE_ONLY___ 
Update done!


2020-10-28 16:29:47,309 INFO     root            Display format: "none"
